This is pdfTeX, Version 3.14159265-2.6-1.40.19 (TeX Live 2018) (preloaded format=pdflatex 2018.9.28)  18 OCT 2018 13:29
entering extended mode
 restricted \write18 enabled.
 file:line:error style messages enabled.
 %&-line parsing enabled.
**Homework1Report.tex
(./Homework1Report.tex
LaTeX2e <2018-04-01> patch level 2
Babel <3.18> and hyphenation patterns for 84 language(s) loaded.
(/usr/local/texlive/2018/texmf-dist/tex/latex/base/article.cls
Document Class: article 2014/09/29 v1.4h Standard LaTeX document class
(/usr/local/texlive/2018/texmf-dist/tex/latex/base/size10.clo
File: size10.clo 2014/09/29 v1.4h Standard LaTeX file (size option)
)
\c@part=\count80
\c@section=\count81
\c@subsection=\count82
\c@subsubsection=\count83
\c@paragraph=\count84
\c@subparagraph=\count85
\c@figure=\count86
\c@table=\count87
\abovecaptionskip=\skip41
\belowcaptionskip=\skip42
\bibindent=\dimen102
)
(/usr/local/texlive/2018/texmf-dist/tex/latex/graphics/graphicx.sty
Package: graphicx 2017/06/01 v1.1a Enhanced LaTeX Graphics (DPC,SPQR)

(/usr/local/texlive/2018/texmf-dist/tex/latex/graphics/keyval.sty
Package: keyval 2014/10/28 v1.15 key=value parser (DPC)
\KV@toks@=\toks14
)
(/usr/local/texlive/2018/texmf-dist/tex/latex/graphics/graphics.sty
Package: graphics 2017/06/25 v1.2c Standard LaTeX Graphics (DPC,SPQR)

(/usr/local/texlive/2018/texmf-dist/tex/latex/graphics/trig.sty
Package: trig 2016/01/03 v1.10 sin cos tan (DPC)
)
(/usr/local/texlive/2018/texmf-dist/tex/latex/graphics-cfg/graphics.cfg
File: graphics.cfg 2016/06/04 v1.11 sample graphics configuration
)
Package graphics Info: Driver file: pdftex.def on input line 99.

(/usr/local/texlive/2018/texmf-dist/tex/latex/graphics-def/pdftex.def
File: pdftex.def 2018/01/08 v1.0l Graphics/color driver for pdftex
))
\Gin@req@height=\dimen103
\Gin@req@width=\dimen104
)
(./Homework1Report.aux)
\openout1 = `Homework1Report.aux'.

LaTeX Font Info:    Checking defaults for OML/cmm/m/it on input line 4.
LaTeX Font Info:    ... okay on input line 4.
LaTeX Font Info:    Checking defaults for T1/cmr/m/n on input line 4.
LaTeX Font Info:    ... okay on input line 4.
LaTeX Font Info:    Checking defaults for OT1/cmr/m/n on input line 4.
LaTeX Font Info:    ... okay on input line 4.
LaTeX Font Info:    Checking defaults for OMS/cmsy/m/n on input line 4.
LaTeX Font Info:    ... okay on input line 4.
LaTeX Font Info:    Checking defaults for OMX/cmex/m/n on input line 4.
LaTeX Font Info:    ... okay on input line 4.
LaTeX Font Info:    Checking defaults for U/cmr/m/n on input line 4.
LaTeX Font Info:    ... okay on input line 4.

(/usr/local/texlive/2018/texmf-dist/tex/context/base/mkii/supp-pdf.mkii
[Loading MPS to PDF converter (version 2006.09.02).]
\scratchcounter=\count88
\scratchdimen=\dimen105
\scratchbox=\box26
\nofMPsegments=\count89
\nofMParguments=\count90
\everyMPshowfont=\toks15
\MPscratchCnt=\count91
\MPscratchDim=\dimen106
\MPnumerator=\count92
\makeMPintoPDFobject=\count93
\everyMPtoPDFconversion=\toks16
) (/usr/local/texlive/2018/texmf-dist/tex/latex/oberdiek/epstopdf-base.sty
Package: epstopdf-base 2016/05/15 v2.6 Base part for package epstopdf

(/usr/local/texlive/2018/texmf-dist/tex/generic/oberdiek/infwarerr.sty
Package: infwarerr 2016/05/16 v1.4 Providing info/warning/error messages (HO)
)
(/usr/local/texlive/2018/texmf-dist/tex/latex/oberdiek/grfext.sty
Package: grfext 2016/05/16 v1.2 Manage graphics extensions (HO)

(/usr/local/texlive/2018/texmf-dist/tex/generic/oberdiek/kvdefinekeys.sty
Package: kvdefinekeys 2016/05/16 v1.4 Define keys (HO)

(/usr/local/texlive/2018/texmf-dist/tex/generic/oberdiek/ltxcmds.sty
Package: ltxcmds 2016/05/16 v1.23 LaTeX kernel commands for general use (HO)
)))
(/usr/local/texlive/2018/texmf-dist/tex/latex/oberdiek/kvoptions.sty
Package: kvoptions 2016/05/16 v3.12 Key value format for package options (HO)

(/usr/local/texlive/2018/texmf-dist/tex/generic/oberdiek/kvsetkeys.sty
Package: kvsetkeys 2016/05/16 v1.17 Key value parser (HO)

(/usr/local/texlive/2018/texmf-dist/tex/generic/oberdiek/etexcmds.sty
Package: etexcmds 2016/05/16 v1.6 Avoid name clashes with e-TeX commands (HO)

(/usr/local/texlive/2018/texmf-dist/tex/generic/oberdiek/ifluatex.sty
Package: ifluatex 2016/05/16 v1.4 Provides the ifluatex switch (HO)
Package ifluatex Info: LuaTeX not detected.
)
Package etexcmds Info: Could not find \expanded.
(etexcmds)             That can mean that you are not using pdfTeX 1.50 or
(etexcmds)             that some package has redefined \expanded.
(etexcmds)             In the latter case, load this package earlier.
)))
(/usr/local/texlive/2018/texmf-dist/tex/generic/oberdiek/pdftexcmds.sty
Package: pdftexcmds 2018/01/30 v0.27 Utility functions of pdfTeX for LuaTeX (HO
)

(/usr/local/texlive/2018/texmf-dist/tex/generic/oberdiek/ifpdf.sty
Package: ifpdf 2017/03/15 v3.2 Provides the ifpdf switch
)
Package pdftexcmds Info: LuaTeX not detected.
Package pdftexcmds Info: \pdf@primitive is available.
Package pdftexcmds Info: \pdf@ifprimitive is available.
Package pdftexcmds Info: \pdfdraftmode found.
)
Package epstopdf-base Info: Redefining graphics rule for `.eps' on input line 4
38.
Package grfext Info: Graphics extension search list:
(grfext)             [.pdf,.png,.jpg,.mps,.jpeg,.jbig2,.jb2,.PDF,.PNG,.JPG,.JPE
G,.JBIG2,.JB2,.eps]
(grfext)             \AppendGraphicsExtensions on input line 456.

(/usr/local/texlive/2018/texmf-dist/tex/latex/latexconfig/epstopdf-sys.cfg
File: epstopdf-sys.cfg 2010/07/13 v1.3 Configuration of (r)epstopdf for TeX Liv
e
))
LaTeX Font Info:    External font `cmex10' loaded for size
(Font)              <12> on input line 12.
LaTeX Font Info:    External font `cmex10' loaded for size
(Font)              <8> on input line 12.
LaTeX Font Info:    External font `cmex10' loaded for size
(Font)              <6> on input line 12.

[1

{/usr/local/texlive/2018/texmf-var/fonts/map/pdftex/updmap/pdftex.map}]
Overfull \hbox (43.49661pt too wide) in paragraph at lines 56--56
[]\OT1/cmtt/m/n/10 predict.usrData <- function (origData, newData, newItem, k, 
wtcovs = NULL,[] 
 []


Overfull \hbox (6.74693pt too wide) in paragraph at lines 56--56
[]    \OT1/cmtt/m/n/10 stop("mismatch in having/not having covars, orig and new
 data")[] 
 []

[1]
Overfull \hbox (48.74657pt too wide) in paragraph at lines 96--96
[]      \OT1/cmtt/m/n/10 = append(resultData[[indexStorageInOldData]]$itms, new
Data[[i]]$itms)[] 
 []


Overfull \hbox (80.24629pt too wide) in paragraph at lines 96--96
[]      \OT1/cmtt/m/n/10 = append(resultData[[indexStorageInOldData]]$ratings, 
newData[[i]]$ratings)[] 
 []


Overfull \hbox (85.49625pt too wide) in paragraph at lines 112--112
[]\OT1/cmtt/m/n/10 predict.usrData(formedTrainSetData, formedTestSetData, 111, 
10, locMeasure = mean)[] 
 []

[2]
Overfull \hbox (90.7462pt too wide) in paragraph at lines 112--112
[]\OT1/cmtt/m/n/10 predict_func = function(studentID, instructorID, k_neighbour
s, locMeasure = mean) {[] 
 []


Overfull \hbox (6.74693pt too wide) in paragraph at lines 112--112
[]  \OT1/cmtt/m/n/10 newData = formedTestSetData[[studentID]], newItem = instru
ctorID,[] 
 []


Overfull \hbox (22.4968pt too wide) in paragraph at lines 152--152
[]\OT1/cmtt/m/n/10 #for each user in testset, predict each item and put the dat
a in frame[] 
 []


Overfull \hbox (64.49643pt too wide) in paragraph at lines 152--152
[]      \OT1/cmtt/m/n/10 result <- predict(formedTrain,tmpUsr,usr$itms[num],k,l
ocMeasure=vecmode)[] 
 []

[3]
Overfull \hbox (64.49643pt too wide) in paragraph at lines 168--168
[]  \OT1/cmtt/m/n/10 error = length(which((df_list['difference'] == 0.0) == TRU
E))/ nrow(df_list)[] 
 []


Overfull \hbox (11.99689pt too wide) in paragraph at lines 212--212
[]\OT1/cmtt/m/n/10 data = read.csv(file = "medianResult.csv", header = TRUE, se
p = ",")[] 
 []


Overfull \hbox (32.9967pt too wide) in paragraph at lines 212--212
[]\OT1/cmtt/m/n/10 file_list = c("meanResult.csv", 'vecmodeResult.csv', 'median
Result.csv')[] 
 []


Overfull \hbox (22.4968pt too wide) in paragraph at lines 212--212
[]  \OT1/cmtt/m/n/10 graph_df = cbind(k_value = rownames(final_error_df), final
_error_df)[] 
 []


Overfull \hbox (22.4968pt too wide) in paragraph at lines 212--212
[]  \OT1/cmtt/m/n/10 ggplot(graph_df, aes(x = factor(k_value, levels = graph_df
$k_value),[] 
 []

[4]
Overfull \hbox (17.24684pt too wide) in paragraph at lines 212--212
[]    \OT1/cmtt/m/n/10 geom_text(aes(label = data_col), vjust = -0.5, color = "
black") +[] 
 []

<Mean-MAPE.png, id=23, 1258.7025pt x 656.4525pt>
File: Mean-MAPE.png Graphic file (type png)
<use Mean-MAPE.png>
Package pdftex.def Info: Mean-MAPE.png  used on input line 218.
(pdftex.def)             Requested size: 314.67485pt x 164.11272pt.
<Mean-PGEC.png, id=25, 1258.7025pt x 656.4525pt>
File: Mean-PGEC.png Graphic file (type png)
<use Mean-PGEC.png>
Package pdftex.def Info: Mean-PGEC.png  used on input line 224.
(pdftex.def)             Requested size: 314.67485pt x 164.11272pt.
[5 <./Mean-MAPE.png>]
<Median-MAPE.png, id=30, 1258.7025pt x 656.4525pt>
File: Median-MAPE.png Graphic file (type png)
<use Median-MAPE.png>
Package pdftex.def Info: Median-MAPE.png  used on input line 230.
(pdftex.def)             Requested size: 314.67485pt x 164.11272pt.
<Median-PGEC.png, id=31, 1258.7025pt x 656.4525pt>
File: Median-PGEC.png Graphic file (type png)
<use Median-PGEC.png>
Package pdftex.def Info: Median-PGEC.png  used on input line 236.
(pdftex.def)             Requested size: 314.67485pt x 164.11272pt.
 [6 <./Mean-PGEC.png> <./Median-MAPE.png>]
<Vecmode-MAPE.png, id=38, 1258.7025pt x 656.4525pt>
File: Vecmode-MAPE.png Graphic file (type png)
<use Vecmode-MAPE.png>
Package pdftex.def Info: Vecmode-MAPE.png  used on input line 242.
(pdftex.def)             Requested size: 314.67485pt x 164.11272pt.
<Vecmode-PGEC.png, id=39, 1258.7025pt x 656.4525pt>
File: Vecmode-PGEC.png Graphic file (type png)
<use Vecmode-PGEC.png>
Package pdftex.def Info: Vecmode-PGEC.png  used on input line 248.
(pdftex.def)             Requested size: 314.67485pt x 164.11272pt.
 [7 <./Median-PGEC.png> <./Vecmode-MAPE.png>] [8 <./Vecmode-PGEC.png>] (./Homew
ork1Report.aux) ) 
Here is how much of TeX's memory you used:
 1463 strings out of 492649
 21361 string characters out of 6129622
 85231 words of memory out of 5000000
 5349 multiletter control sequences out of 15000+600000
 7448 words of font info for 27 fonts, out of 8000000 for 9000
 1141 hyphenation exceptions out of 8191
 41i,6n,25p,831b,245s stack positions out of 5000i,500n,10000p,200000b,80000s
</usr/local/texlive/2018/texmf-dist/fonts/type1/public/amsfont
s/cm/cmbx12.pfb></usr/local/texlive/2018/texmf-dist/fonts/type1/public/amsfonts
/cm/cmr10.pfb></usr/local/texlive/2018/texmf-dist/fonts/type1/public/amsfonts/c
m/cmr12.pfb></usr/local/texlive/2018/texmf-dist/fonts/type1/public/amsfonts/cm/
cmr17.pfb></usr/local/texlive/2018/texmf-dist/fonts/type1/public/amsfonts/cm/cm
tt10.pfb>
Output written on Homework1Report.pdf (9 pages, 300904 bytes).
PDF statistics:
 67 PDF objects out of 1000 (max. 8388607)
 38 compressed objects within 1 object stream
 0 named destinations out of 1000 (max. 500000)
 31 words of extra memory for PDF output out of 10000 (max. 10000000)

